######## Filtering for extras  ################################ host: <ckanapi.remoteckan.RemoteCKAN object at 0x7f75bae0e610>
[u'another-test-spatial', u'bewolkungsmenge-mittel-janner-und-juli-klimareferenzkarte-1961-1990-osterreich', u'csv', u'csw-suchdienst-der-zamg', u'excel', u'g10', u'g100', u'g1000', u'g11', u'g111', u'g1111', u'g12', u'g13', u'g14', u'g15', u'g16', u'g17', u'g22', u'g222', u'g2222', u'g33', u'g333', u'g3333', u'g44', u'g444', u'g4444', u'g55', u'g555', u'g5555', u'g77', u'g777', u'g8', u'g88', u'g888', u'g9', u'g99', u'g999', u'gg', u'grouping', u'grouping2', u'inspire-downloaddienst-der-zamg', u'luftdruck-mittel-jahr-janner-dezember-klimareferenzkarte-1961-1990-osterreich', u'luftfeuchte-relative-mittel-janner-juli-klimareferenzkarte-1961-1990-osterreich', u'lufttemperatur-mittel-jahr-janner-dezember-janner-und-juli-klimareferenzkarte-1961-1990-osterre', u'neuschneesumme-mittlere-summe-hydrologisches-jahr-september-august-klimareferenzkarte-1961-1990', u'niederschlagssumme-mittlere-summe-sommer-april-september-winter-oktober-marz-klimareferenzkarte', u'pangaea-test-bahr', u'schneehohe-maximale-mittel-jahr-janner-dezember-klimareferenzkarte-1961-1990-osterreich', u'sonnenscheindauer-relative-mittel-janner-juli-klimareferenzkarte-1961-1990-osterreich', u'test', u'test-another-browser', u'test-gallery', u'test-gallery-2', u'test-handle-and-citation', u'test-keyword', u'test-new-md', u'test-no-degree', u'test-no-maintainer-2', u'test-no-maintainer5', u'test-no-maintainer6', u'test-ohne-mdedit-schema', u'test-relationship', u'test-rename-fields', u'test-spatial', u'wien-info-wms', u'wms', u'wms-darstellungsdienst-der-zamg', u'wmts', u'xxxxx', u'zamg-harvest', u'zamg-wms']#######################################################
Dataset: another-test-spatial
''''''''''''''''''''''''''''''''''' Clean Dataset another-test-spatial
#######################################################
Dataset: bewolkungsmenge-mittel-janner-und-juli-klimareferenzkarte-1961-1990-osterreich
''''''''''''''' Extras found '''''''''''''''''''' Dataset: bewolkungsmenge-mittel-janner-und-juli-klimareferenzkarte-1961-1990-osterreich
#######################################################
Dataset: csv
''''''''''''''''''''''''''''''''''' Clean Dataset csv
#######################################################
Dataset: csw-suchdienst-der-zamg
''''''''''''''' Extras found '''''''''''''''''''' Dataset: csw-suchdienst-der-zamg
#######################################################
Dataset: excel
''''''''''''''''''''''''''''''''''' Clean Dataset excel
#######################################################
Dataset: g10
''''''''''''''' Extras found '''''''''''''''''''' Dataset: g10
#######################################################
Dataset: g100
''''''''''''''''''''''''''''''''''' Clean Dataset g100
#######################################################
Dataset: g1000
''''''''''''''''''''''''''''''''''' Clean Dataset g1000
#######################################################
Dataset: g11
''''''''''''''''''''''''''''''''''' Clean Dataset g11
#######################################################
Dataset: g111
''''''''''''''''''''''''''''''''''' Clean Dataset g111
#######################################################
Dataset: g1111
''''''''''''''''''''''''''''''''''' Clean Dataset g1111
#######################################################
Dataset: g12
''''''''''''''''''''''''''''''''''' Clean Dataset g12
#######################################################
Dataset: g13
''''''''''''''''''''''''''''''''''' Clean Dataset g13
#######################################################
Dataset: g14
''''''''''''''''''''''''''''''''''' Clean Dataset g14
#######################################################
Dataset: g15
''''''''''''''''''''''''''''''''''' Clean Dataset g15
#######################################################
Dataset: g16
''''''''''''''''''''''''''''''''''' Clean Dataset g16
#######################################################
Dataset: g17
''''''''''''''''''''''''''''''''''' Clean Dataset g17
#######################################################
Dataset: g22
''''''''''''''''''''''''''''''''''' Clean Dataset g22
#######################################################
Dataset: g222
''''''''''''''''''''''''''''''''''' Clean Dataset g222
#######################################################
Dataset: g2222
''''''''''''''''''''''''''''''''''' Clean Dataset g2222
#######################################################
Dataset: g33
''''''''''''''''''''''''''''''''''' Clean Dataset g33
#######################################################
Dataset: g333
''''''''''''''''''''''''''''''''''' Clean Dataset g333
#######################################################
Dataset: g3333
''''''''''''''''''''''''''''''''''' Clean Dataset g3333
#######################################################
Dataset: g44
''''''''''''''''''''''''''''''''''' Clean Dataset g44
#######################################################
Dataset: g444
''''''''''''''''''''''''''''''''''' Clean Dataset g444
#######################################################
Dataset: g4444
''''''''''''''''''''''''''''''''''' Clean Dataset g4444
#######################################################
Dataset: g55
''''''''''''''''''''''''''''''''''' Clean Dataset g55
#######################################################
Dataset: g555
''''''''''''''''''''''''''''''''''' Clean Dataset g555
#######################################################
Dataset: g5555
''''''''''''''''''''''''''''''''''' Clean Dataset g5555
#######################################################
Dataset: g77
''''''''''''''''''''''''''''''''''' Clean Dataset g77
#######################################################
Dataset: g777
''''''''''''''''''''''''''''''''''' Clean Dataset g777
#######################################################
Dataset: g8
''''''''''''''''''''''''''''''''''' Clean Dataset g8
#######################################################
Dataset: g88
''''''''''''''''''''''''''''''''''' Clean Dataset g88
#######################################################
Dataset: g888
''''''''''''''''''''''''''''''''''' Clean Dataset g888
#######################################################
Dataset: g9
''''''''''''''''''''''''''''''''''' Clean Dataset g9
#######################################################
Dataset: g99
''''''''''''''''''''''''''''''''''' Clean Dataset g99
#######################################################
Dataset: g999
''''''''''''''''''''''''''''''''''' Clean Dataset g999
#######################################################
Dataset: gg
''''''''''''''''''''''''''''''''''' Clean Dataset gg
#######################################################
Dataset: grouping
''''''''''''''''''''''''''''''''''' Clean Dataset grouping
#######################################################
Dataset: grouping2
''''''''''''''''''''''''''''''''''' Clean Dataset grouping2
#######################################################
Dataset: inspire-downloaddienst-der-zamg
''''''''''''''' Extras found '''''''''''''''''''' Dataset: inspire-downloaddienst-der-zamg
#######################################################
Dataset: luftdruck-mittel-jahr-janner-dezember-klimareferenzkarte-1961-1990-osterreich
''''''''''''''' Extras found '''''''''''''''''''' Dataset: luftdruck-mittel-jahr-janner-dezember-klimareferenzkarte-1961-1990-osterreich
#######################################################
Dataset: luftfeuchte-relative-mittel-janner-juli-klimareferenzkarte-1961-1990-osterreich
''''''''''''''' Extras found '''''''''''''''''''' Dataset: luftfeuchte-relative-mittel-janner-juli-klimareferenzkarte-1961-1990-osterreich
#######################################################
Dataset: lufttemperatur-mittel-jahr-janner-dezember-janner-und-juli-klimareferenzkarte-1961-1990-osterre
''''''''''''''' Extras found '''''''''''''''''''' Dataset: lufttemperatur-mittel-jahr-janner-dezember-janner-und-juli-klimareferenzkarte-1961-1990-osterre
#######################################################
Dataset: neuschneesumme-mittlere-summe-hydrologisches-jahr-september-august-klimareferenzkarte-1961-1990
''''''''''''''' Extras found '''''''''''''''''''' Dataset: neuschneesumme-mittlere-summe-hydrologisches-jahr-september-august-klimareferenzkarte-1961-1990
#######################################################
Dataset: niederschlagssumme-mittlere-summe-sommer-april-september-winter-oktober-marz-klimareferenzkarte
''''''''''''''' Extras found '''''''''''''''''''' Dataset: niederschlagssumme-mittlere-summe-sommer-april-september-winter-oktober-marz-klimareferenzkarte
#######################################################
Dataset: pangaea-test-bahr
''''''''''''''''''''''''''''''''''' Clean Dataset pangaea-test-bahr
#######################################################
Dataset: schneehohe-maximale-mittel-jahr-janner-dezember-klimareferenzkarte-1961-1990-osterreich
''''''''''''''' Extras found '''''''''''''''''''' Dataset: schneehohe-maximale-mittel-jahr-janner-dezember-klimareferenzkarte-1961-1990-osterreich
#######################################################
Dataset: sonnenscheindauer-relative-mittel-janner-juli-klimareferenzkarte-1961-1990-osterreich
''''''''''''''' Extras found '''''''''''''''''''' Dataset: sonnenscheindauer-relative-mittel-janner-juli-klimareferenzkarte-1961-1990-osterreich
#######################################################
Dataset: test
''''''''''''''''''''''''''''''''''' Clean Dataset test
#######################################################
Dataset: test-another-browser
''''''''''''''''''''''''''''''''''' Clean Dataset test-another-browser
#######################################################
Dataset: test-gallery
''''''''''''''''''''''''''''''''''' Clean Dataset test-gallery
#######################################################
Dataset: test-gallery-2
''''''''''''''''''''''''''''''''''' Clean Dataset test-gallery-2
#######################################################
Dataset: test-handle-and-citation
''''''''''''''''''''''''''''''''''' Clean Dataset test-handle-and-citation
#######################################################
Dataset: test-keyword
''''''''''''''''''''''''''''''''''' Clean Dataset test-keyword
#######################################################
Dataset: test-new-md
''''''''''''''' Extras found '''''''''''''''''''' Dataset: test-new-md
#######################################################
Dataset: test-no-degree
''''''''''''''''''''''''''''''''''' Clean Dataset test-no-degree
#######################################################
Dataset: test-no-maintainer-2
''''''''''''''''''''''''''''''''''' Clean Dataset test-no-maintainer-2
#######################################################
Dataset: test-no-maintainer5
''''''''''''''''''''''''''''''''''' Clean Dataset test-no-maintainer5
#######################################################
Dataset: test-no-maintainer6
''''''''''''''''''''''''''''''''''' Clean Dataset test-no-maintainer6
#######################################################
Dataset: test-ohne-mdedit-schema
''''''''''''''''''''''''''''''''''' Clean Dataset test-ohne-mdedit-schema
#######################################################
Dataset: test-relationship
''''''''''''''' Extras found '''''''''''''''''''' Dataset: test-relationship
#######################################################
Dataset: test-rename-fields
''''''''''''''''''''''''''''''''''' Clean Dataset test-rename-fields
#######################################################
Dataset: test-spatial
''''''''''''''' Extras found '''''''''''''''''''' Dataset: test-spatial
#######################################################
Dataset: wien-info-wms
''''''''''''''''''''''''''''''''''' Clean Dataset wien-info-wms
#######################################################
Dataset: wms
''''''''''''''''''''''''''''''''''' Clean Dataset wms
#######################################################
Dataset: wms-darstellungsdienst-der-zamg
''''''''''''''' Extras found '''''''''''''''''''' Dataset: wms-darstellungsdienst-der-zamg
#######################################################
Dataset: wmts
''''''''''''''''''''''''''''''''''' Clean Dataset wmts
#######################################################
Dataset: xxxxx
''''''''''''''''''''''''''''''''''' Clean Dataset xxxxx
#######################################################
Dataset: zamg-harvest
''''''''''''''''''''''''''''''''''' Clean Dataset zamg-harvest
#######################################################
Dataset: zamg-wms
''''''''''''''''''''''''''''''''''' Clean Dataset zamg-wms
#######################################################
Finished: Total sets: 71 With extras: 15 clean: 56
